<?xml version="1.0" encoding="UTF-8"?>
<!-- Generated by org.testng.reporters.JUnitReportReporter -->
<testsuite hostname="surya-PC" name="com.mckinsey.coding.session.model.BillingTest" tests="7" failures="0" timestamp="4 Jul 2012 06:55:03 GMT" time="0.018" errors="0">
  <testcase name="generateBill" time="0.001" classname="com.mckinsey.coding.session.model.BillingTest"/>
  <testcase name="generateBill" time="0.002" classname="com.mckinsey.coding.session.model.BillingTest"/>
  <testcase name="generateBill" time="0.001" classname="com.mckinsey.coding.session.model.BillingTest"/>
  <testcase name="generateBill" time="0.001" classname="com.mckinsey.coding.session.model.BillingTest"/>
  <testcase name="generateBill" time="0.002" classname="com.mckinsey.coding.session.model.BillingTest"/>
  <testcase name="generateBill" time="0.001" classname="com.mckinsey.coding.session.model.BillingTest"/>
  <testcase name="generateBill" time="0.010" classname="com.mckinsey.coding.session.model.BillingTest"/>
</testsuite>
