<?xml version="1.0" encoding="UTF-8"?>
<!-- Generated by org.testng.reporters.JUnitReportReporter -->
<testsuite hostname="surya-PC" name="com.mckinsey.coding.session.model.ProductsTest" tests="2" failures="0" timestamp="3 Jul 2012 12:25:20 GMT" time="0.011" errors="0">
  <testcase name="isDiscountable" time="0.009" classname="com.mckinsey.coding.session.model.ProductsTest"/>
  <testcase name="isNotDiscountable" time="0.002" classname="com.mckinsey.coding.session.model.ProductsTest"/>
</testsuite>
