<?xml version="1.0" encoding="UTF-8"?>
<!-- Generated by org.testng.reporters.JUnitReportReporter -->
<testsuite hostname="surya-PC" name="com.mckinsey.coding.session.model.UserTest" tests="4" failures="0" timestamp="3 Jul 2012 12:20:37 GMT" time="0.029" errors="0">
  <testcase name="getTenureLessThanYear" time="0.003" classname="com.mckinsey.coding.session.model.UserTest"/>
  <testcase name="getTenureWhenMoreThan2yrs" time="0.003" classname="com.mckinsey.coding.session.model.UserTest"/>
  <testcase name="getTenureIsZero" time="0.012" classname="com.mckinsey.coding.session.model.UserTest"/>
  <testcase name="getTenureWhenNoJoiningDateProvided" time="0.011" classname="com.mckinsey.coding.session.model.UserTest"/>
</testsuite>
